{"level":"info","message":"::1 - - [Sun, 03 Jul 2016 12:49:55 GMT] \"GET / HTTP/1.1\" 304 - \"-\" \"Mozilla/5.0 (Macintosh; Intel Mac OS X 10.11; rv:47.0) Gecko/20100101 Firefox/47.0\"\n","timestamp":"2016-07-03T12:49:55.755Z"}
{"level":"info","message":"::1 - - [Sun, 03 Jul 2016 12:49:55 GMT] \"GET /css/bootstrap.min.css HTTP/1.1\" 304 - \"http://localhost:3000/\" \"Mozilla/5.0 (Macintosh; Intel Mac OS X 10.11; rv:47.0) Gecko/20100101 Firefox/47.0\"\n","timestamp":"2016-07-03T12:49:55.855Z"}
{"level":"info","message":"::1 - - [Sun, 03 Jul 2016 12:49:55 GMT] \"GET /font-awesome/css/font-awesome.css HTTP/1.1\" 304 - \"http://localhost:3000/\" \"Mozilla/5.0 (Macintosh; Intel Mac OS X 10.11; rv:47.0) Gecko/20100101 Firefox/47.0\"\n","timestamp":"2016-07-03T12:49:55.856Z"}
{"level":"info","message":"::1 - - [Sun, 03 Jul 2016 12:49:55 GMT] \"GET /css/animate.css HTTP/1.1\" 304 - \"http://localhost:3000/\" \"Mozilla/5.0 (Macintosh; Intel Mac OS X 10.11; rv:47.0) Gecko/20100101 Firefox/47.0\"\n","timestamp":"2016-07-03T12:49:55.861Z"}
{"level":"info","message":"::1 - - [Sun, 03 Jul 2016 12:49:55 GMT] \"GET /css/style.css HTTP/1.1\" 304 - \"http://localhost:3000/\" \"Mozilla/5.0 (Macintosh; Intel Mac OS X 10.11; rv:47.0) Gecko/20100101 Firefox/47.0\"\n","timestamp":"2016-07-03T12:49:55.875Z"}
{"level":"info","message":"::1 - - [Sun, 03 Jul 2016 12:49:55 GMT] \"GET /js/jquery/jquery-2.1.1.min.js HTTP/1.1\" 304 - \"http://localhost:3000/\" \"Mozilla/5.0 (Macintosh; Intel Mac OS X 10.11; rv:47.0) Gecko/20100101 Firefox/47.0\"\n","timestamp":"2016-07-03T12:49:55.880Z"}
{"level":"info","message":"::1 - - [Sun, 03 Jul 2016 12:49:55 GMT] \"GET /js/plugins/jquery-ui/jquery-ui.js HTTP/1.1\" 304 - \"http://localhost:3000/\" \"Mozilla/5.0 (Macintosh; Intel Mac OS X 10.11; rv:47.0) Gecko/20100101 Firefox/47.0\"\n","timestamp":"2016-07-03T12:49:55.880Z"}
{"level":"info","message":"::1 - - [Sun, 03 Jul 2016 12:49:55 GMT] \"GET /js/bootstrap/bootstrap.min.js HTTP/1.1\" 304 - \"http://localhost:3000/\" \"Mozilla/5.0 (Macintosh; Intel Mac OS X 10.11; rv:47.0) Gecko/20100101 Firefox/47.0\"\n","timestamp":"2016-07-03T12:49:55.881Z"}
{"level":"info","message":"::1 - - [Sun, 03 Jul 2016 12:49:55 GMT] \"GET /js/plugins/metisMenu/jquery.metisMenu.js HTTP/1.1\" 304 - \"http://localhost:3000/\" \"Mozilla/5.0 (Macintosh; Intel Mac OS X 10.11; rv:47.0) Gecko/20100101 Firefox/47.0\"\n","timestamp":"2016-07-03T12:49:55.881Z"}
{"level":"info","message":"::1 - - [Sun, 03 Jul 2016 12:49:55 GMT] \"GET /js/plugins/slimscroll/jquery.slimscroll.min.js HTTP/1.1\" 304 - \"http://localhost:3000/\" \"Mozilla/5.0 (Macintosh; Intel Mac OS X 10.11; rv:47.0) Gecko/20100101 Firefox/47.0\"\n","timestamp":"2016-07-03T12:49:55.897Z"}
{"level":"info","message":"::1 - - [Sun, 03 Jul 2016 12:49:55 GMT] \"GET /js/plugins/pace/pace.min.js HTTP/1.1\" 304 - \"http://localhost:3000/\" \"Mozilla/5.0 (Macintosh; Intel Mac OS X 10.11; rv:47.0) Gecko/20100101 Firefox/47.0\"\n","timestamp":"2016-07-03T12:49:55.916Z"}
{"level":"info","message":"::1 - - [Sun, 03 Jul 2016 12:49:55 GMT] \"GET /js/angular/angular.min.js HTTP/1.1\" 304 - \"http://localhost:3000/\" \"Mozilla/5.0 (Macintosh; Intel Mac OS X 10.11; rv:47.0) Gecko/20100101 Firefox/47.0\"\n","timestamp":"2016-07-03T12:49:55.935Z"}
{"level":"info","message":"::1 - - [Sun, 03 Jul 2016 12:49:55 GMT] \"GET /js/inspinia.js HTTP/1.1\" 304 - \"http://localhost:3000/\" \"Mozilla/5.0 (Macintosh; Intel Mac OS X 10.11; rv:47.0) Gecko/20100101 Firefox/47.0\"\n","timestamp":"2016-07-03T12:49:55.938Z"}
{"level":"info","message":"::1 - - [Sun, 03 Jul 2016 12:49:55 GMT] \"GET /bower_components/ng-file-upload/ng-file-upload-shim.js HTTP/1.1\" 304 - \"http://localhost:3000/\" \"Mozilla/5.0 (Macintosh; Intel Mac OS X 10.11; rv:47.0) Gecko/20100101 Firefox/47.0\"\n","timestamp":"2016-07-03T12:49:55.939Z"}
{"level":"info","message":"::1 - - [Sun, 03 Jul 2016 12:49:55 GMT] \"GET /js/angular/angular-sanitize.js HTTP/1.1\" 304 - \"http://localhost:3000/\" \"Mozilla/5.0 (Macintosh; Intel Mac OS X 10.11; rv:47.0) Gecko/20100101 Firefox/47.0\"\n","timestamp":"2016-07-03T12:49:55.943Z"}
{"level":"info","message":"::1 - - [Sun, 03 Jul 2016 12:49:55 GMT] \"GET /js/plugins/oclazyload/dist/ocLazyLoad.min.js HTTP/1.1\" 304 - \"http://localhost:3000/\" \"Mozilla/5.0 (Macintosh; Intel Mac OS X 10.11; rv:47.0) Gecko/20100101 Firefox/47.0\"\n","timestamp":"2016-07-03T12:49:55.949Z"}
{"level":"info","message":"::1 - - [Sun, 03 Jul 2016 12:49:55 GMT] \"GET /js/angular-translate/angular-translate.min.js HTTP/1.1\" 304 - \"http://localhost:3000/\" \"Mozilla/5.0 (Macintosh; Intel Mac OS X 10.11; rv:47.0) Gecko/20100101 Firefox/47.0\"\n","timestamp":"2016-07-03T12:49:55.967Z"}
{"level":"info","message":"::1 - - [Sun, 03 Jul 2016 12:49:55 GMT] \"GET /js/ui-router/angular-ui-router.min.js HTTP/1.1\" 304 - \"http://localhost:3000/\" \"Mozilla/5.0 (Macintosh; Intel Mac OS X 10.11; rv:47.0) Gecko/20100101 Firefox/47.0\"\n","timestamp":"2016-07-03T12:49:55.992Z"}
{"level":"info","message":"::1 - - [Sun, 03 Jul 2016 12:49:55 GMT] \"GET /js/bootstrap/ui-bootstrap-tpls-1.1.2.min.js HTTP/1.1\" 304 - \"http://localhost:3000/\" \"Mozilla/5.0 (Macintosh; Intel Mac OS X 10.11; rv:47.0) Gecko/20100101 Firefox/47.0\"\n","timestamp":"2016-07-03T12:49:55.993Z"}
{"level":"info","message":"::1 - - [Sun, 03 Jul 2016 12:49:55 GMT] \"GET /js/plugins/angular-idle/angular-idle.js HTTP/1.1\" 304 - \"http://localhost:3000/\" \"Mozilla/5.0 (Macintosh; Intel Mac OS X 10.11; rv:47.0) Gecko/20100101 Firefox/47.0\"\n","timestamp":"2016-07-03T12:49:55.993Z"}
{"level":"info","message":"::1 - - [Sun, 03 Jul 2016 12:49:55 GMT] \"GET /bower_components/ng-file-upload/ng-file-upload.js HTTP/1.1\" 304 - \"http://localhost:3000/\" \"Mozilla/5.0 (Macintosh; Intel Mac OS X 10.11; rv:47.0) Gecko/20100101 Firefox/47.0\"\n","timestamp":"2016-07-03T12:49:55.994Z"}
{"level":"info","message":"::1 - - [Sun, 03 Jul 2016 12:49:55 GMT] \"GET /bower_components/angular-payments/lib/angular-payments.js HTTP/1.1\" 304 - \"http://localhost:3000/\" \"Mozilla/5.0 (Macintosh; Intel Mac OS X 10.11; rv:47.0) Gecko/20100101 Firefox/47.0\"\n","timestamp":"2016-07-03T12:49:55.999Z"}
{"level":"info","message":"::1 - - [Sun, 03 Jul 2016 12:49:55 GMT] \"GET /js/app.js HTTP/1.1\" 304 - \"http://localhost:3000/\" \"Mozilla/5.0 (Macintosh; Intel Mac OS X 10.11; rv:47.0) Gecko/20100101 Firefox/47.0\"\n","timestamp":"2016-07-03T12:49:55.999Z"}
{"level":"info","message":"::1 - - [Sun, 03 Jul 2016 12:49:56 GMT] \"GET /js/config.js HTTP/1.1\" 304 - \"http://localhost:3000/\" \"Mozilla/5.0 (Macintosh; Intel Mac OS X 10.11; rv:47.0) Gecko/20100101 Firefox/47.0\"\n","timestamp":"2016-07-03T12:49:56.026Z"}
{"level":"info","message":"::1 - - [Sun, 03 Jul 2016 12:49:56 GMT] \"GET /js/translations.js HTTP/1.1\" 304 - \"http://localhost:3000/\" \"Mozilla/5.0 (Macintosh; Intel Mac OS X 10.11; rv:47.0) Gecko/20100101 Firefox/47.0\"\n","timestamp":"2016-07-03T12:49:56.028Z"}
{"level":"info","message":"::1 - - [Sun, 03 Jul 2016 12:49:56 GMT] \"GET /js/directives.js HTTP/1.1\" 304 - \"http://localhost:3000/\" \"Mozilla/5.0 (Macintosh; Intel Mac OS X 10.11; rv:47.0) Gecko/20100101 Firefox/47.0\"\n","timestamp":"2016-07-03T12:49:56.029Z"}
{"level":"info","message":"::1 - - [Sun, 03 Jul 2016 12:49:56 GMT] \"GET /js/controllers.js HTTP/1.1\" 304 - \"http://localhost:3000/\" \"Mozilla/5.0 (Macintosh; Intel Mac OS X 10.11; rv:47.0) Gecko/20100101 Firefox/47.0\"\n","timestamp":"2016-07-03T12:49:56.029Z"}
{"level":"info","message":"::1 - - [Sun, 03 Jul 2016 12:49:56 GMT] \"GET /js/services.js HTTP/1.1\" 304 - \"http://localhost:3000/\" \"Mozilla/5.0 (Macintosh; Intel Mac OS X 10.11; rv:47.0) Gecko/20100101 Firefox/47.0\"\n","timestamp":"2016-07-03T12:49:56.030Z"}
{"level":"info","message":"::1 - - [Sun, 03 Jul 2016 12:49:56 GMT] \"GET /js/filters.js HTTP/1.1\" 304 - \"http://localhost:3000/\" \"Mozilla/5.0 (Macintosh; Intel Mac OS X 10.11; rv:47.0) Gecko/20100101 Firefox/47.0\"\n","timestamp":"2016-07-03T12:49:56.037Z"}
{"level":"info","message":"::1 - - [Sun, 03 Jul 2016 12:49:56 GMT] \"GET /js/plugins/jsTree/jstree.min.js HTTP/1.1\" 304 - \"http://localhost:3000/\" \"Mozilla/5.0 (Macintosh; Intel Mac OS X 10.11; rv:47.0) Gecko/20100101 Firefox/47.0\"\n","timestamp":"2016-07-03T12:49:56.043Z"}
{"level":"info","message":"::1 - - [Sun, 03 Jul 2016 12:49:56 GMT] \"GET /js/plugins/pace/pace.min.js HTTP/1.1\" 304 - \"http://localhost:3000/\" \"Mozilla/5.0 (Macintosh; Intel Mac OS X 10.11; rv:47.0) Gecko/20100101 Firefox/47.0\"\n","timestamp":"2016-07-03T12:49:56.674Z"}
{"level":"info","message":"::1 - - [Sun, 03 Jul 2016 12:49:57 GMT] \"GET /js/plugins/wow/wow.min.js HTTP/1.1\" 304 - \"http://localhost:3000/landing\" \"Mozilla/5.0 (Macintosh; Intel Mac OS X 10.11; rv:47.0) Gecko/20100101 Firefox/47.0\"\n","timestamp":"2016-07-03T12:49:57.065Z"}
{"level":"info","message":"::1 - - [Sun, 03 Jul 2016 12:49:57 GMT] \"GET /views/landing.html HTTP/1.1\" 304 - \"http://localhost:3000/landing\" \"Mozilla/5.0 (Macintosh; Intel Mac OS X 10.11; rv:47.0) Gecko/20100101 Firefox/47.0\"\n","timestamp":"2016-07-03T12:49:57.178Z"}
{"level":"info","message":"::1 - - [Sun, 03 Jul 2016 12:49:57 GMT] \"GET /img/landing/laptop.png HTTP/1.1\" 304 - \"http://localhost:3000/landing\" \"Mozilla/5.0 (Macintosh; Intel Mac OS X 10.11; rv:47.0) Gecko/20100101 Firefox/47.0\"\n","timestamp":"2016-07-03T12:49:57.249Z"}
{"level":"info","message":"::1 - - [Sun, 03 Jul 2016 12:49:57 GMT] \"GET /img/landing1.png HTTP/1.1\" 304 - \"http://localhost:3000/landing\" \"Mozilla/5.0 (Macintosh; Intel Mac OS X 10.11; rv:47.0) Gecko/20100101 Firefox/47.0\"\n","timestamp":"2016-07-03T12:49:57.251Z"}
{"level":"info","message":"::1 - - [Sun, 03 Jul 2016 12:49:57 GMT] \"GET /img/landing2.png HTTP/1.1\" 304 - \"http://localhost:3000/landing\" \"Mozilla/5.0 (Macintosh; Intel Mac OS X 10.11; rv:47.0) Gecko/20100101 Firefox/47.0\"\n","timestamp":"2016-07-03T12:49:57.254Z"}
{"level":"info","message":"::1 - - [Sun, 03 Jul 2016 12:49:57 GMT] \"GET /img/landing3.png HTTP/1.1\" 304 - \"http://localhost:3000/landing\" \"Mozilla/5.0 (Macintosh; Intel Mac OS X 10.11; rv:47.0) Gecko/20100101 Firefox/47.0\"\n","timestamp":"2016-07-03T12:49:57.254Z"}
{"level":"info","message":"::1 - - [Sun, 03 Jul 2016 12:49:57 GMT] \"GET /img/landing4.png HTTP/1.1\" 304 - \"http://localhost:3000/landing\" \"Mozilla/5.0 (Macintosh; Intel Mac OS X 10.11; rv:47.0) Gecko/20100101 Firefox/47.0\"\n","timestamp":"2016-07-03T12:49:57.257Z"}
{"level":"info","message":"::1 - - [Sun, 03 Jul 2016 12:49:57 GMT] \"GET /img/guides/logo1.png HTTP/1.1\" 304 - \"http://localhost:3000/landing\" \"Mozilla/5.0 (Macintosh; Intel Mac OS X 10.11; rv:47.0) Gecko/20100101 Firefox/47.0\"\n","timestamp":"2016-07-03T12:49:57.264Z"}
{"level":"info","message":"::1 - - [Sun, 03 Jul 2016 12:49:57 GMT] \"GET /img/guides/logo2.png HTTP/1.1\" 304 - \"http://localhost:3000/landing\" \"Mozilla/5.0 (Macintosh; Intel Mac OS X 10.11; rv:47.0) Gecko/20100101 Firefox/47.0\"\n","timestamp":"2016-07-03T12:49:57.268Z"}
{"level":"info","message":"::1 - - [Sun, 03 Jul 2016 12:49:57 GMT] \"GET /img/guides/logo3.png HTTP/1.1\" 304 - \"http://localhost:3000/landing\" \"Mozilla/5.0 (Macintosh; Intel Mac OS X 10.11; rv:47.0) Gecko/20100101 Firefox/47.0\"\n","timestamp":"2016-07-03T12:49:57.268Z"}
{"level":"info","message":"::1 - - [Sun, 03 Jul 2016 12:49:57 GMT] \"GET /img/landing/header_one.jpg HTTP/1.1\" 304 - \"http://localhost:3000/css/style.css\" \"Mozilla/5.0 (Macintosh; Intel Mac OS X 10.11; rv:47.0) Gecko/20100101 Firefox/47.0\"\n","timestamp":"2016-07-03T12:49:57.323Z"}
{"level":"info","message":"::1 - - [Sun, 03 Jul 2016 12:49:57 GMT] \"GET /img/landing/word_map.png HTTP/1.1\" 304 - \"http://localhost:3000/css/style.css\" \"Mozilla/5.0 (Macintosh; Intel Mac OS X 10.11; rv:47.0) Gecko/20100101 Firefox/47.0\"\n","timestamp":"2016-07-03T12:49:57.355Z"}
{"level":"info","message":"::1 - - [Sun, 03 Jul 2016 12:49:58 GMT] \"GET /favicon.ico HTTP/1.1\" 304 - \"-\" \"Mozilla/5.0 (Macintosh; Intel Mac OS X 10.11; rv:47.0) Gecko/20100101 Firefox/47.0\"\n","timestamp":"2016-07-03T12:49:58.761Z"}
